01/12/2022 10:28:00 GelCareers.GelCareers.Inwards Steps Executions [Test_scenario_number, 1, Test_scenario_desciption, interm reply, 0]Step Number 0
01/12/2022 10:28:00 GelCareers.GelCareers.Inwards Test_scenario_number 1
01/12/2022 10:28:00 GelCareers.GelCareers.Inwards Test_scenario_desciption interm reply
01/12/2022 10:28:00 GelCareers.GelCareers.Inwards Steps Executions [steps, Xpath, Data, expected data/error, Desciptions]Step Number 1
01/12/2022 10:28:00 GelCareers.GelCareers.Inwards Steps Executions [Open, 0, 0, 0, 0]Step Number 2
01/12/2022 10:28:00 GelCareers.GelCareers.Inwards Before opening
01/12/2022 10:28:05 io.netty.util.internal.logging.InternalLoggerFactory Using Log4J as the default logging framework
01/12/2022 10:28:06 io.netty.util.ResourceLeakDetector -Dio.netty.leakDetection.level: simple
01/12/2022 10:28:06 io.netty.util.ResourceLeakDetector -Dio.netty.leakDetection.targetRecords: 4
01/12/2022 10:28:06 io.netty.util.ResourceLeakDetectorFactory Loaded default ResourceLeakDetector: io.netty.util.ResourceLeakDetector@1b28f282
01/12/2022 10:28:06 io.netty.util.internal.PlatformDependent0 -Dio.netty.noUnsafe: false
01/12/2022 10:28:06 io.netty.util.internal.PlatformDependent0 Java version: 8
01/12/2022 10:28:06 io.netty.util.internal.PlatformDependent0 sun.misc.Unsafe.theUnsafe: available
01/12/2022 10:28:06 io.netty.util.internal.PlatformDependent0 sun.misc.Unsafe.copyMemory: available
01/12/2022 10:28:06 io.netty.util.internal.PlatformDependent0 sun.misc.Unsafe.storeFence: available
01/12/2022 10:28:06 io.netty.util.internal.PlatformDependent0 java.nio.Buffer.address: available
01/12/2022 10:28:06 io.netty.util.internal.PlatformDependent0 direct buffer constructor: available
01/12/2022 10:28:06 io.netty.util.internal.PlatformDependent0 java.nio.Bits.unaligned: available, true
01/12/2022 10:28:06 io.netty.util.internal.PlatformDependent0 jdk.internal.misc.Unsafe.allocateUninitializedArray(int): unavailable prior to Java9
01/12/2022 10:28:06 io.netty.util.internal.PlatformDependent0 java.nio.DirectByteBuffer.<init>(long, int): available
01/12/2022 10:28:06 io.netty.util.internal.PlatformDependent sun.misc.Unsafe: available
01/12/2022 10:28:06 io.netty.util.internal.PlatformDependent -Dio.netty.tmpdir: C:\Users\Admin\AppData\Local\Temp (java.io.tmpdir)
01/12/2022 10:28:06 io.netty.util.internal.PlatformDependent -Dio.netty.bitMode: 64 (sun.arch.data.model)
01/12/2022 10:28:06 io.netty.util.internal.PlatformDependent Platform: Windows
01/12/2022 10:28:06 io.netty.util.internal.PlatformDependent -Dio.netty.maxDirectMemory: 1883242496 bytes
01/12/2022 10:28:06 io.netty.util.internal.PlatformDependent -Dio.netty.uninitializedArrayAllocationThreshold: -1
01/12/2022 10:28:06 io.netty.util.internal.CleanerJava6 java.nio.ByteBuffer.cleaner(): available
01/12/2022 10:28:06 io.netty.util.internal.PlatformDependent -Dio.netty.noPreferDirect: false
01/12/2022 10:28:06 io.netty.util.internal.PlatformDependent org.jctools-core.MpscChunkedArrayQueue: available
01/12/2022 10:28:06 io.netty.util.internal.InternalThreadLocalMap -Dio.netty.threadLocalMap.stringBuilder.initialSize: 1024
01/12/2022 10:28:06 io.netty.util.internal.InternalThreadLocalMap -Dio.netty.threadLocalMap.stringBuilder.maxSize: 4096
01/12/2022 10:28:06 io.netty.handler.ssl.JdkSslContext Default protocols (JDK): [TLSv1.2, TLSv1.1, TLSv1] 
01/12/2022 10:28:06 io.netty.handler.ssl.JdkSslContext Default cipher suites (JDK): [TLS_ECDHE_ECDSA_WITH_AES_256_GCM_SHA384, TLS_ECDHE_ECDSA_WITH_AES_128_GCM_SHA256, TLS_ECDHE_RSA_WITH_AES_128_GCM_SHA256, TLS_ECDHE_RSA_WITH_AES_256_GCM_SHA384, TLS_ECDHE_RSA_WITH_AES_128_CBC_SHA, TLS_ECDHE_RSA_WITH_AES_256_CBC_SHA, TLS_RSA_WITH_AES_128_GCM_SHA256, TLS_RSA_WITH_AES_128_CBC_SHA, TLS_RSA_WITH_AES_256_CBC_SHA]
01/12/2022 10:28:06 io.netty.channel.MultithreadEventLoopGroup -Dio.netty.eventLoopThreads: 8
01/12/2022 10:28:06 io.netty.channel.nio.NioEventLoop -Dio.netty.noKeySetOptimization: false
01/12/2022 10:28:06 io.netty.channel.nio.NioEventLoop -Dio.netty.selectorAutoRebuildThreshold: 512
01/12/2022 10:28:06 io.netty.buffer.PooledByteBufAllocator -Dio.netty.allocator.numHeapArenas: 8
01/12/2022 10:28:06 io.netty.buffer.PooledByteBufAllocator -Dio.netty.allocator.numDirectArenas: 8
01/12/2022 10:28:06 io.netty.buffer.PooledByteBufAllocator -Dio.netty.allocator.pageSize: 8192
01/12/2022 10:28:06 io.netty.buffer.PooledByteBufAllocator -Dio.netty.allocator.maxOrder: 9
01/12/2022 10:28:06 io.netty.buffer.PooledByteBufAllocator -Dio.netty.allocator.chunkSize: 4194304
01/12/2022 10:28:06 io.netty.buffer.PooledByteBufAllocator -Dio.netty.allocator.smallCacheSize: 256
01/12/2022 10:28:06 io.netty.buffer.PooledByteBufAllocator -Dio.netty.allocator.normalCacheSize: 64
01/12/2022 10:28:06 io.netty.buffer.PooledByteBufAllocator -Dio.netty.allocator.maxCachedBufferCapacity: 32768
01/12/2022 10:28:06 io.netty.buffer.PooledByteBufAllocator -Dio.netty.allocator.cacheTrimInterval: 8192
01/12/2022 10:28:06 io.netty.buffer.PooledByteBufAllocator -Dio.netty.allocator.cacheTrimIntervalMillis: 0
01/12/2022 10:28:06 io.netty.buffer.PooledByteBufAllocator -Dio.netty.allocator.useCacheForAllThreads: false
01/12/2022 10:28:06 io.netty.buffer.PooledByteBufAllocator -Dio.netty.allocator.maxCachedByteBuffersPerChunk: 1023
01/12/2022 10:28:06 io.netty.buffer.ByteBufUtil -Dio.netty.allocator.type: pooled
01/12/2022 10:28:06 io.netty.buffer.ByteBufUtil -Dio.netty.threadLocalDirectBufferSize: 0
01/12/2022 10:28:06 io.netty.buffer.ByteBufUtil -Dio.netty.maxThreadLocalCharBufferSize: 16384
01/12/2022 10:28:09 io.netty.channel.DefaultChannelId -Dio.netty.processId: 18744 (auto-detected)
01/12/2022 10:28:09 io.netty.util.NetUtil -Djava.net.preferIPv4Stack: false
01/12/2022 10:28:09 io.netty.util.NetUtil -Djava.net.preferIPv6Addresses: false
01/12/2022 10:28:12 io.netty.util.NetUtilInitializations Loopback interface: lo (Software Loopback Interface 1, 127.0.0.1)
01/12/2022 10:28:12 io.netty.util.NetUtil Failed to get SOMAXCONN from sysctl and file \proc\sys\net\core\somaxconn. Default: 200
01/12/2022 10:28:15 io.netty.channel.DefaultChannelId -Dio.netty.machineId: f0:1f:af:ff:fe:2b:b6:40 (auto-detected)
01/12/2022 10:28:15 io.netty.buffer.AbstractByteBuf -Dio.netty.buffer.checkAccessible: true
01/12/2022 10:28:15 io.netty.buffer.AbstractByteBuf -Dio.netty.buffer.checkBounds: true
01/12/2022 10:28:15 io.netty.util.ResourceLeakDetectorFactory Loaded default ResourceLeakDetector: io.netty.util.ResourceLeakDetector@22147846
01/12/2022 10:28:15 io.netty.util.Recycler -Dio.netty.recycler.maxCapacityPerThread: 4096
01/12/2022 10:28:15 io.netty.util.Recycler -Dio.netty.recycler.ratio: 8
01/12/2022 10:28:15 io.netty.util.Recycler -Dio.netty.recycler.chunkSize: 32
01/12/2022 10:28:15 io.netty.util.Recycler -Dio.netty.recycler.blocking: false
01/12/2022 10:28:18 io.netty.handler.codec.compression.Brotli brotli4j not in the classpath; Brotli support will be unavailable.
01/12/2022 10:28:18 io.netty.util.internal.ThreadLocalRandom -Dio.netty.initialSeedUniquifier: 0x6ab97c143b915e88
01/12/2022 10:28:19 GelCareers.GelCareers.Inwards After opening
01/12/2022 10:28:19 GelCareers.GelCareers.Inwards Steps Executions [goto, 0, http://10.190.83.96/PGRS_TEST/, 0, 0]Step Number 3
01/12/2022 10:28:19 GelCareers.GelCareers.Inwards Before Navigating http://10.190.83.96/PGRS_TEST/
01/12/2022 10:28:34 GelCareers.GelCareers.Inwards After Navigating 
01/12/2022 10:28:34 GelCareers.GelCareers.Inwards Steps Executions [wait, 0, 50000, 0, 0]Step Number 4
01/12/2022 10:28:34 GelCareers.GelCareers.Inwards Before waiting 50000 
01/12/2022 10:29:24 GelCareers.GelCareers.Inwards Steps Executions [wait until presence of element, Pull greviance, 50, 0, 0]Step Number 5
01/12/2022 10:29:24 GelCareers.GelCareers.Inwards Before presence 50
01/12/2022 10:29:24 GelCareers.GelCareers.Inwards Before presence //span[contains(text(),"Pull")]/../..50
01/12/2022 10:29:25 GelCareers.GelCareers.Inwards After presence //span[contains(text(),"Pull")]/../..50
01/12/2022 10:29:25 GelCareers.GelCareers.Inwards Steps Executions [click, Pull greviance, 0, 0, 0]Step Number 6
01/12/2022 10:29:25 GelCareers.GelCareers.Inwards Before Click Pull greviance //span[contains(text(),"Pull")]/../..
01/12/2022 10:29:25 GelCareers.GelCareers.Inwards Item Clicked Successfully Pull greviance //span[contains(text(),"Pull")]/../..
01/12/2022 10:29:26 GelCareers.GelCareers.Inwards Steps Executions [wait, null, 30000, 0, 0]Step Number 7
01/12/2022 10:29:26 GelCareers.GelCareers.Inwards Before waiting 30000 
01/12/2022 10:29:56 GelCareers.GelCareers.Inwards Steps Executions [wait until presence of element, Ack filter, 50, 0, 0]Step Number 8
01/12/2022 10:29:56 GelCareers.GelCareers.Inwards Before presence 50
01/12/2022 10:29:56 GelCareers.GelCareers.Inwards Before presence //input[contains(@id,"AckFilter")]50
01/12/2022 10:29:56 GelCareers.GelCareers.Inwards After presence //input[contains(@id,"AckFilter")]50
01/12/2022 10:29:56 GelCareers.GelCareers.Inwards Steps Executions [write, Ack filter, 95738, 0, 0]Step Number 9
01/12/2022 10:29:56 GelCareers.GelCareers.Inwards Before Writing Ack filter //input[contains(@id,"AckFilter")]
01/12/2022 10:29:56 GelCareers.GelCareers.Inwards Written Succesfully Ack filter 95738 //input[contains(@id,"AckFilter")]
01/12/2022 10:29:56 GelCareers.GelCareers.Inwards Steps Executions [wait, null, 3000, 0, 0]Step Number 10
01/12/2022 10:29:56 GelCareers.GelCareers.Inwards Before waiting 3000 
01/12/2022 10:29:59 GelCareers.GelCareers.Inwards Steps Executions [click, Filter button, 0, 0, 0]Step Number 11
01/12/2022 10:29:59 GelCareers.GelCareers.Inwards Before Click Filter button //button[text()="Filter"]
01/12/2022 10:29:59 GelCareers.GelCareers.Inwards Item Clicked Successfully Filter button //button[text()="Filter"]
01/12/2022 10:30:00 GelCareers.GelCareers.Inwards Steps Executions [wait, null, 5000, 0, 0]Step Number 12
01/12/2022 10:30:00 GelCareers.GelCareers.Inwards Before waiting 5000 
01/12/2022 10:30:05 GelCareers.GelCareers.Inwards Steps Executions [wait until presence of element, Search grid, 10, 0, 0]Step Number 13
01/12/2022 10:30:05 GelCareers.GelCareers.Inwards Before presence 10
01/12/2022 10:30:05 GelCareers.GelCareers.Inwards Before presence //table[@id="myTable"]/tbody10
01/12/2022 10:30:05 GelCareers.GelCareers.Inwards After presence //table[@id="myTable"]/tbody10
01/12/2022 10:30:05 GelCareers.GelCareers.Inwards Steps Executions [click, Search grid, 0, 0, 0]Step Number 14
01/12/2022 10:30:05 GelCareers.GelCareers.Inwards Before Click Search grid //table[@id="myTable"]/tbody
01/12/2022 10:30:05 GelCareers.GelCareers.Inwards Item Clicked Successfully Search grid //table[@id="myTable"]/tbody
01/12/2022 10:30:06 GelCareers.GelCareers.Inwards Steps Executions [wait until presence of element, status, 10, 0, 0]Step Number 15
01/12/2022 10:30:06 GelCareers.GelCareers.Inwards Before presence 10
01/12/2022 10:30:06 GelCareers.GelCareers.Inwards Before presence //label[contains(@id,"StatusName")]10
01/12/2022 10:30:09 GelCareers.GelCareers.Inwards After presence //label[contains(@id,"StatusName")]10
01/12/2022 10:30:09 GelCareers.GelCareers.Inwards Steps Executions [check_data, status, 0, Inreceipt, 0]Step Number 16
01/12/2022 10:30:11 GelCareers.GelCareers.Inwards In Progress Inreceipt Error Encountered 
01/12/2022 10:30:11 GelCareers.GelCareers.Inwards Checked Data Successfully status Inreceipt //label[contains(@id,"StatusName")]
01/12/2022 10:30:11 GelCareers.GelCareers.Inwards Steps Executions [wait, null, 2000, 0, 0]Step Number 17
01/12/2022 10:30:11 GelCareers.GelCareers.Inwards Before waiting 2000 
01/12/2022 10:30:13 GelCareers.GelCareers.Inwards Steps Executions [click, Process grieavance, 0, 0, 0]Step Number 18
01/12/2022 10:30:13 GelCareers.GelCareers.Inwards Before Click Process grieavance //a[@id="replyid"]
01/12/2022 10:30:13 GelCareers.GelCareers.Inwards Item Clicked Successfully Process grieavance //a[@id="replyid"]
01/12/2022 10:30:14 GelCareers.GelCareers.Inwards Steps Executions [wait until presence of element, process application, 5, 0, 0]Step Number 19
01/12/2022 10:30:14 GelCareers.GelCareers.Inwards Before presence 5
01/12/2022 10:30:14 GelCareers.GelCareers.Inwards Before presence //input[contains(@id,"processApp")]5
01/12/2022 10:30:14 GelCareers.GelCareers.Inwards After presence //input[contains(@id,"processApp")]5
01/12/2022 10:30:14 GelCareers.GelCareers.Inwards Steps Executions [check Attribute Data, file upload table, style, display:none, 0]Step Number 20
01/12/2022 10:30:14 GelCareers.GelCareers.Inwards Check Attribute text
01/12/2022 10:30:15 GelCareers.GelCareers.Inwards null display:none Error Encountered 
01/12/2022 10:30:15 GelCareers.GelCareers.Inwards checked attribute
01/12/2022 10:30:15 GelCareers.GelCareers.Inwards Steps Executions [wait, null, 2000, 0, 0]Step Number 21
01/12/2022 10:30:15 GelCareers.GelCareers.Inwards Before waiting 2000 
01/12/2022 10:30:17 GelCareers.GelCareers.Inwards Steps Executions [check_options_in_select, Action, 0, Choose One
Submit interim reply
Submit final reply/ dispose 
Redirect to public grievance department
Return grievance to applicant
Mark as suggestion, 0]Step Number 22
01/12/2022 10:30:17 GelCareers.GelCareers.Inwards options Before validation Action Choose One
Submit interim reply
Submit final reply/ dispose 
Redirect to public grievance department
Return grievance to applicant
Mark as suggestion //select[@name="replySectionMarkup_:dropDownreplyStatus_"]
01/12/2022 10:30:19 GelCareers.GelCareers.Inwards Error Encountered Expected[Choose One, Submit interim reply, Submit final reply/ dispose , Redirect to public grievance department, Return grievance to applicant, Mark as suggestion]But Found[Choose One, Submit interim reply, Submit final reply, Redirect to public grievance department, Return grievance to applicant, Mark as suggestion]
01/12/2022 10:30:19 GelCareers.GelCareers.Inwards options validated successfully Action Choose One
Submit interim reply
Submit final reply/ dispose 
Redirect to public grievance department
Return grievance to applicant
Mark as suggestion //select[@name="replySectionMarkup_:dropDownreplyStatus_"]
01/12/2022 10:30:19 GelCareers.GelCareers.Inwards Steps Executions [select_dropdown, Action, Submit interim reply, 0, 0]Step Number 23
01/12/2022 10:30:19 GelCareers.GelCareers.Inwards Before Select Action //select[@name="replySectionMarkup_:dropDownreplyStatus_"]
01/12/2022 10:30:19 GelCareers.GelCareers.Inwards Item Selected Successfully Action Submit interim reply //select[@name="replySectionMarkup_:dropDownreplyStatus_"]
01/12/2022 10:30:19 GelCareers.GelCareers.Inwards Steps Executions [wait until presence of element, comment label, 5, 0, 0]Step Number 24
01/12/2022 10:30:19 GelCareers.GelCareers.Inwards Before presence 5
01/12/2022 10:30:19 GelCareers.GelCareers.Inwards Before presence //label[contains(@id,"commentLabel")]5
01/12/2022 10:30:19 GelCareers.GelCareers.Inwards After presence //label[contains(@id,"commentLabel")]5
01/12/2022 10:30:19 GelCareers.GelCareers.Inwards Steps Executions [check_data, comment label, 0, Interim reply, 0]Step Number 25
01/12/2022 10:30:19 GelCareers.GelCareers.Inwards Checked Data Successfully comment label Interim reply //label[contains(@id,"commentLabel")]
01/12/2022 10:30:19 GelCareers.GelCareers.Inwards Steps Executions [write, remarks, dfgfgfgfhfh fghfghgfhgfhgfhgfgfnfunhdfdhfsuf sudfhisduhfds asdssd , 0, 0]Step Number 26
01/12/2022 10:30:19 GelCareers.GelCareers.Inwards Before Writing remarks //textarea[@name="replySectionMarkup_:grievanceReplyDetail_"]
01/12/2022 10:30:20 GelCareers.GelCareers.Inwards Written Succesfully remarks dfgfgfgfhfh fghfghgfhgfhgfhgfgfnfunhdfdhfsuf sudfhisduhfds asdssd  //textarea[@name="replySectionMarkup_:grievanceReplyDetail_"]
01/12/2022 10:30:20 GelCareers.GelCareers.Inwards Steps Executions [click, Submit, 0, 0, 0]Step Number 27
01/12/2022 10:30:20 GelCareers.GelCareers.Inwards Before Click Submit //input[@value="Submit"]
01/12/2022 10:30:20 GelCareers.GelCareers.Inwards Item Clicked Successfully Submit //input[@value="Submit"]
01/12/2022 10:30:21 GelCareers.GelCareers.Inwards Steps Executions [check_absence_Validation, remarks, 15, 0, 0]Step Number 28
01/12/2022 10:30:21 GelCareers.GelCareers.Inwards Before Validation check remarks //textarea[@name="replySectionMarkup_:grievanceReplyDetail_"]
01/12/2022 10:30:26 GelCareers.GelCareers.Inwards Validation absent remarks  //textarea[@name="replySectionMarkup_:grievanceReplyDetail_"]
01/12/2022 10:30:26 GelCareers.GelCareers.Inwards Steps Executions [wait until presence of element, Yes modal, 0, 0, 0]Step Number 29
01/12/2022 10:30:26 GelCareers.GelCareers.Inwards Before presence 0
01/12/2022 10:30:26 GelCareers.GelCareers.Inwards Before presence //div[@class="modal myModalConfirm fade in"]/div/div/div[@class="modal-footer"]/input[contains(@id,"yesButton")]0
01/12/2022 10:30:26 GelCareers.GelCareers.Inwards After presence //div[@class="modal myModalConfirm fade in"]/div/div/div[@class="modal-footer"]/input[contains(@id,"yesButton")]0
01/12/2022 10:30:26 GelCareers.GelCareers.Inwards Steps Executions [click, Yes modal, 0, 0, 0]Step Number 30
01/12/2022 10:30:26 GelCareers.GelCareers.Inwards Before Click Yes modal //div[@class="modal myModalConfirm fade in"]/div/div/div[@class="modal-footer"]/input[contains(@id,"yesButton")]
01/12/2022 10:30:26 GelCareers.GelCareers.Inwards Item Clicked Successfully Yes modal //div[@class="modal myModalConfirm fade in"]/div/div/div[@class="modal-footer"]/input[contains(@id,"yesButton")]
01/12/2022 10:30:27 GelCareers.GelCareers.Inwards Steps Executions [wait until presence of element, final ok, 15, 0, 0]Step Number 31
01/12/2022 10:30:27 GelCareers.GelCareers.Inwards Before presence 15
01/12/2022 10:30:27 GelCareers.GelCareers.Inwards Before presence //input[@name="grievanceAlert_:myModal:yesButton"]15
01/12/2022 10:30:27 GelCareers.GelCareers.Inwards After presence //input[@name="grievanceAlert_:myModal:yesButton"]15
01/12/2022 10:30:27 GelCareers.GelCareers.Inwards Steps Executions [click, final ok, 0, 0, 0]Step Number 32
01/12/2022 10:30:27 GelCareers.GelCareers.Inwards Before Click final ok //input[@name="grievanceAlert_:myModal:yesButton"]
01/12/2022 10:30:29 GelCareers.GelCareers.Inwards Item Clicked Successfully final ok //input[@name="grievanceAlert_:myModal:yesButton"]
01/12/2022 10:30:30 GelCareers.GelCareers.Inwards Steps Executions [wait, 5000, 0, 0, 0]Step Number 33
01/12/2022 10:30:30 GelCareers.GelCareers.Inwards Before waiting 0 
01/12/2022 10:30:30 GelCareers.GelCareers.Inwards Steps Executions [wait until presence of element, Pull greviance, 15, 0, 0]Step Number 34
01/12/2022 10:30:30 GelCareers.GelCareers.Inwards Before presence 15
01/12/2022 10:30:30 GelCareers.GelCareers.Inwards Before presence //span[contains(text(),"Pull")]/../..15
01/12/2022 10:30:40 GelCareers.GelCareers.Inwards After presence //span[contains(text(),"Pull")]/../..15
01/12/2022 10:30:40 GelCareers.GelCareers.Inwards Steps Executions [click, Pull greviance, 0, 0, 0]Step Number 35
01/12/2022 10:30:40 GelCareers.GelCareers.Inwards Before Click Pull greviance //span[contains(text(),"Pull")]/../..
01/12/2022 10:30:42 GelCareers.GelCareers.Inwards Item Clicked Successfully Pull greviance //span[contains(text(),"Pull")]/../..
01/12/2022 10:30:43 GelCareers.GelCareers.Inwards Steps Executions [wait, null, 30000, 0, 0]Step Number 36
01/12/2022 10:30:43 GelCareers.GelCareers.Inwards Before waiting 30000 
01/12/2022 10:31:13 GelCareers.GelCareers.Inwards Steps Executions [wait until presence of element, Ack filter, 50, 0, 0]Step Number 37
01/12/2022 10:31:13 GelCareers.GelCareers.Inwards Before presence 50
01/12/2022 10:31:13 GelCareers.GelCareers.Inwards Before presence //input[contains(@id,"AckFilter")]50
01/12/2022 10:31:13 GelCareers.GelCareers.Inwards After presence //input[contains(@id,"AckFilter")]50
01/12/2022 10:31:13 GelCareers.GelCareers.Inwards Steps Executions [write, Ack filter, 95738, 0, 0]Step Number 38
01/12/2022 10:31:13 GelCareers.GelCareers.Inwards Before Writing Ack filter //input[contains(@id,"AckFilter")]
01/12/2022 10:31:13 GelCareers.GelCareers.Inwards Written Succesfully Ack filter 95738 //input[contains(@id,"AckFilter")]
01/12/2022 10:31:13 GelCareers.GelCareers.Inwards Steps Executions [wait, null, 3000, 0, 0]Step Number 39
01/12/2022 10:31:13 GelCareers.GelCareers.Inwards Before waiting 3000 
01/12/2022 10:31:16 GelCareers.GelCareers.Inwards Steps Executions [click, Filter button, 0, 0, 0]Step Number 40
01/12/2022 10:31:16 GelCareers.GelCareers.Inwards Before Click Filter button //button[text()="Filter"]
01/12/2022 10:31:17 GelCareers.GelCareers.Inwards Item Clicked Successfully Filter button //button[text()="Filter"]
01/12/2022 10:31:18 GelCareers.GelCareers.Inwards Steps Executions [wait, null, 5000, 0, 0]Step Number 41
01/12/2022 10:31:18 GelCareers.GelCareers.Inwards Before waiting 5000 
01/12/2022 10:31:23 GelCareers.GelCareers.Inwards Steps Executions [wait until presence of element, Search grid, 10, 0, 0]Step Number 42
01/12/2022 10:31:23 GelCareers.GelCareers.Inwards Before presence 10
01/12/2022 10:31:23 GelCareers.GelCareers.Inwards Before presence //table[@id="myTable"]/tbody10
01/12/2022 10:31:23 GelCareers.GelCareers.Inwards After presence //table[@id="myTable"]/tbody10
01/12/2022 10:31:23 GelCareers.GelCareers.Inwards Steps Executions [click, Search grid, 0, 0, 0]Step Number 43
01/12/2022 10:31:23 GelCareers.GelCareers.Inwards Before Click Search grid //table[@id="myTable"]/tbody
01/12/2022 10:31:23 GelCareers.GelCareers.Inwards Item Clicked Successfully Search grid //table[@id="myTable"]/tbody
01/12/2022 10:31:24 GelCareers.GelCareers.Inwards Steps Executions [wait until presence of element, status, 10, 0, 0]Step Number 44
01/12/2022 10:31:24 GelCareers.GelCareers.Inwards Before presence 10
01/12/2022 10:31:24 GelCareers.GelCareers.Inwards Before presence //label[contains(@id,"StatusName")]10
01/12/2022 10:31:35 GelCareers.GelCareers.Inwards Expected condition failed: waiting for presence of element located by: By.xpath: //label[contains(@id,"StatusName")] (tried for 10 second(s) with 500 milliseconds interval)
01/12/2022 10:31:36 freemarker.cache Couldn't find template in cache for "spark/spark.spa.ftl"("en_IN", UTF-8, parsed); will try to load it.
01/12/2022 10:31:36 freemarker.cache TemplateLoader.findTemplateSource("spark/spark.spa_en_IN.ftl"): Not found
01/12/2022 10:31:36 freemarker.cache TemplateLoader.findTemplateSource("spark/spark.spa_en.ftl"): Not found
01/12/2022 10:31:36 freemarker.cache TemplateLoader.findTemplateSource("spark/spark.spa.ftl"): Found
01/12/2022 10:31:36 freemarker.cache Loading template for "spark/spark.spa.ftl"("en_IN", UTF-8, parsed) from "jar:file:/C:/Users/Admin/.m2/repository/com/aventstack/extentreports/5.0.9/extentreports-5.0.9.jar!/com/aventstack/extentreports/templates/spark/spark.spa.ftl"
01/12/2022 10:31:36 freemarker.cache Couldn't find template in cache for "commons/commons-variables.ftl"("en_IN", UTF-8, parsed); will try to load it.
01/12/2022 10:31:36 freemarker.cache TemplateLoader.findTemplateSource("commons/commons-variables_en_IN.ftl"): Not found
01/12/2022 10:31:36 freemarker.cache TemplateLoader.findTemplateSource("commons/commons-variables_en.ftl"): Not found
01/12/2022 10:31:36 freemarker.cache TemplateLoader.findTemplateSource("commons/commons-variables.ftl"): Found
01/12/2022 10:31:36 freemarker.cache Loading template for "commons/commons-variables.ftl"("en_IN", UTF-8, parsed) from "jar:file:/C:/Users/Admin/.m2/repository/com/aventstack/extentreports/5.0.9/extentreports-5.0.9.jar!/com/aventstack/extentreports/templates/commons/commons-variables.ftl"
01/12/2022 10:31:36 freemarker.cache Couldn't find template in cache for "commons/commons-macros.ftl"("en_IN", UTF-8, parsed); will try to load it.
01/12/2022 10:31:36 freemarker.cache TemplateLoader.findTemplateSource("commons/commons-macros_en_IN.ftl"): Not found
01/12/2022 10:31:36 freemarker.cache TemplateLoader.findTemplateSource("commons/commons-macros_en.ftl"): Not found
01/12/2022 10:31:36 freemarker.cache TemplateLoader.findTemplateSource("commons/commons-macros.ftl"): Found
01/12/2022 10:31:36 freemarker.cache Loading template for "commons/commons-macros.ftl"("en_IN", UTF-8, parsed) from "jar:file:/C:/Users/Admin/.m2/repository/com/aventstack/extentreports/5.0.9/extentreports-5.0.9.jar!/com/aventstack/extentreports/templates/commons/commons-macros.ftl"
01/12/2022 10:31:36 freemarker.cache Couldn't find template in cache for "spark/macros/attributes.ftl"("en_IN", UTF-8, parsed); will try to load it.
01/12/2022 10:31:36 freemarker.cache TemplateLoader.findTemplateSource("spark/macros/attributes_en_IN.ftl"): Not found
01/12/2022 10:31:36 freemarker.cache TemplateLoader.findTemplateSource("spark/macros/attributes_en.ftl"): Not found
01/12/2022 10:31:36 freemarker.cache TemplateLoader.findTemplateSource("spark/macros/attributes.ftl"): Found
01/12/2022 10:31:36 freemarker.cache Loading template for "spark/macros/attributes.ftl"("en_IN", UTF-8, parsed) from "jar:file:/C:/Users/Admin/.m2/repository/com/aventstack/extentreports/5.0.9/extentreports-5.0.9.jar!/com/aventstack/extentreports/templates/spark/macros/attributes.ftl"
01/12/2022 10:31:36 freemarker.cache Couldn't find template in cache for "spark/macros/log.ftl"("en_IN", UTF-8, parsed); will try to load it.
01/12/2022 10:31:36 freemarker.cache TemplateLoader.findTemplateSource("spark/macros/log_en_IN.ftl"): Not found
01/12/2022 10:31:36 freemarker.cache TemplateLoader.findTemplateSource("spark/macros/log_en.ftl"): Not found
01/12/2022 10:31:36 freemarker.cache TemplateLoader.findTemplateSource("spark/macros/log.ftl"): Found
01/12/2022 10:31:36 freemarker.cache Loading template for "spark/macros/log.ftl"("en_IN", UTF-8, parsed) from "jar:file:/C:/Users/Admin/.m2/repository/com/aventstack/extentreports/5.0.9/extentreports-5.0.9.jar!/com/aventstack/extentreports/templates/spark/macros/log.ftl"
01/12/2022 10:31:36 freemarker.cache Couldn't find template in cache for "spark/macros/recurse_nodes.ftl"("en_IN", UTF-8, parsed); will try to load it.
01/12/2022 10:31:36 freemarker.cache TemplateLoader.findTemplateSource("spark/macros/recurse_nodes_en_IN.ftl"): Not found
01/12/2022 10:31:36 freemarker.cache TemplateLoader.findTemplateSource("spark/macros/recurse_nodes_en.ftl"): Not found
01/12/2022 10:31:36 freemarker.cache TemplateLoader.findTemplateSource("spark/macros/recurse_nodes.ftl"): Found
01/12/2022 10:31:36 freemarker.cache Loading template for "spark/macros/recurse_nodes.ftl"("en_IN", UTF-8, parsed) from "jar:file:/C:/Users/Admin/.m2/repository/com/aventstack/extentreports/5.0.9/extentreports-5.0.9.jar!/com/aventstack/extentreports/templates/spark/macros/recurse_nodes.ftl"
01/12/2022 10:31:36 freemarker.cache "spark/macros/log.ftl"("en_IN", UTF-8, parsed) cached copy not yet stale; using cached.
01/12/2022 10:31:36 freemarker.cache Couldn't find template in cache for "spark/macros/attr-common.ftl"("en_IN", UTF-8, parsed); will try to load it.
01/12/2022 10:31:36 freemarker.cache TemplateLoader.findTemplateSource("spark/macros/attr-common_en_IN.ftl"): Not found
01/12/2022 10:31:36 freemarker.cache TemplateLoader.findTemplateSource("spark/macros/attr-common_en.ftl"): Not found
01/12/2022 10:31:36 freemarker.cache TemplateLoader.findTemplateSource("spark/macros/attr-common.ftl"): Found
01/12/2022 10:31:36 freemarker.cache Loading template for "spark/macros/attr-common.ftl"("en_IN", UTF-8, parsed) from "jar:file:/C:/Users/Admin/.m2/repository/com/aventstack/extentreports/5.0.9/extentreports-5.0.9.jar!/com/aventstack/extentreports/templates/spark/macros/attr-common.ftl"
01/12/2022 10:31:36 freemarker.cache Couldn't find template in cache for "spark/partials/head.ftl"("en_IN", UTF-8, parsed); will try to load it.
01/12/2022 10:31:36 freemarker.cache TemplateLoader.findTemplateSource("spark/partials/head_en_IN.ftl"): Not found
01/12/2022 10:31:36 freemarker.cache TemplateLoader.findTemplateSource("spark/partials/head_en.ftl"): Not found
01/12/2022 10:31:36 freemarker.cache TemplateLoader.findTemplateSource("spark/partials/head.ftl"): Found
01/12/2022 10:31:36 freemarker.cache Loading template for "spark/partials/head.ftl"("en_IN", UTF-8, parsed) from "jar:file:/C:/Users/Admin/.m2/repository/com/aventstack/extentreports/5.0.9/extentreports-5.0.9.jar!/com/aventstack/extentreports/templates/spark/partials/head.ftl"
01/12/2022 10:31:36 freemarker.cache Couldn't find template in cache for "commons/commons-inject-css.ftl"("en_IN", UTF-8, parsed); will try to load it.
01/12/2022 10:31:36 freemarker.cache TemplateLoader.findTemplateSource("commons/commons-inject-css_en_IN.ftl"): Not found
01/12/2022 10:31:36 freemarker.cache TemplateLoader.findTemplateSource("commons/commons-inject-css_en.ftl"): Not found
01/12/2022 10:31:36 freemarker.cache TemplateLoader.findTemplateSource("commons/commons-inject-css.ftl"): Found
01/12/2022 10:31:36 freemarker.cache Loading template for "commons/commons-inject-css.ftl"("en_IN", UTF-8, parsed) from "jar:file:/C:/Users/Admin/.m2/repository/com/aventstack/extentreports/5.0.9/extentreports-5.0.9.jar!/com/aventstack/extentreports/templates/commons/commons-inject-css.ftl"
01/12/2022 10:31:36 freemarker.cache Couldn't find template in cache for "spark/partials/navbar.ftl"("en_IN", UTF-8, parsed); will try to load it.
01/12/2022 10:31:36 freemarker.cache TemplateLoader.findTemplateSource("spark/partials/navbar_en_IN.ftl"): Not found
01/12/2022 10:31:36 freemarker.cache TemplateLoader.findTemplateSource("spark/partials/navbar_en.ftl"): Not found
01/12/2022 10:31:36 freemarker.cache TemplateLoader.findTemplateSource("spark/partials/navbar.ftl"): Found
01/12/2022 10:31:36 freemarker.cache Loading template for "spark/partials/navbar.ftl"("en_IN", UTF-8, parsed) from "jar:file:/C:/Users/Admin/.m2/repository/com/aventstack/extentreports/5.0.9/extentreports-5.0.9.jar!/com/aventstack/extentreports/templates/spark/partials/navbar.ftl"
01/12/2022 10:31:36 freemarker.cache Couldn't find template in cache for "spark/partials/sidenav.ftl"("en_IN", UTF-8, parsed); will try to load it.
01/12/2022 10:31:36 freemarker.cache TemplateLoader.findTemplateSource("spark/partials/sidenav_en_IN.ftl"): Not found
01/12/2022 10:31:36 freemarker.cache TemplateLoader.findTemplateSource("spark/partials/sidenav_en.ftl"): Not found
01/12/2022 10:31:36 freemarker.cache TemplateLoader.findTemplateSource("spark/partials/sidenav.ftl"): Found
01/12/2022 10:31:36 freemarker.cache Loading template for "spark/partials/sidenav.ftl"("en_IN", UTF-8, parsed) from "jar:file:/C:/Users/Admin/.m2/repository/com/aventstack/extentreports/5.0.9/extentreports-5.0.9.jar!/com/aventstack/extentreports/templates/spark/partials/sidenav.ftl"
01/12/2022 10:31:36 freemarker.cache Couldn't find template in cache for "spark/partials/test.ftl"("en_IN", UTF-8, parsed); will try to load it.
01/12/2022 10:31:36 freemarker.cache TemplateLoader.findTemplateSource("spark/partials/test_en_IN.ftl"): Not found
01/12/2022 10:31:36 freemarker.cache TemplateLoader.findTemplateSource("spark/partials/test_en.ftl"): Not found
01/12/2022 10:31:36 freemarker.cache TemplateLoader.findTemplateSource("spark/partials/test.ftl"): Found
01/12/2022 10:31:36 freemarker.cache Loading template for "spark/partials/test.ftl"("en_IN", UTF-8, parsed) from "jar:file:/C:/Users/Admin/.m2/repository/com/aventstack/extentreports/5.0.9/extentreports-5.0.9.jar!/com/aventstack/extentreports/templates/spark/partials/test.ftl"
01/12/2022 10:31:36 freemarker.cache Couldn't find template in cache for "spark/partials/standard-content.ftl"("en_IN", UTF-8, parsed); will try to load it.
01/12/2022 10:31:36 freemarker.cache TemplateLoader.findTemplateSource("spark/partials/standard-content_en_IN.ftl"): Not found
01/12/2022 10:31:36 freemarker.cache TemplateLoader.findTemplateSource("spark/partials/standard-content_en.ftl"): Not found
01/12/2022 10:31:36 freemarker.cache TemplateLoader.findTemplateSource("spark/partials/standard-content.ftl"): Found
01/12/2022 10:31:36 freemarker.cache Loading template for "spark/partials/standard-content.ftl"("en_IN", UTF-8, parsed) from "jar:file:/C:/Users/Admin/.m2/repository/com/aventstack/extentreports/5.0.9/extentreports-5.0.9.jar!/com/aventstack/extentreports/templates/spark/partials/standard-content.ftl"
01/12/2022 10:31:36 freemarker.cache Couldn't find template in cache for "spark/partials/exception.ftl"("en_IN", UTF-8, parsed); will try to load it.
01/12/2022 10:31:36 freemarker.cache TemplateLoader.findTemplateSource("spark/partials/exception_en_IN.ftl"): Not found
01/12/2022 10:31:36 freemarker.cache TemplateLoader.findTemplateSource("spark/partials/exception_en.ftl"): Not found
01/12/2022 10:31:36 freemarker.cache TemplateLoader.findTemplateSource("spark/partials/exception.ftl"): Found
01/12/2022 10:31:36 freemarker.cache Loading template for "spark/partials/exception.ftl"("en_IN", UTF-8, parsed) from "jar:file:/C:/Users/Admin/.m2/repository/com/aventstack/extentreports/5.0.9/extentreports-5.0.9.jar!/com/aventstack/extentreports/templates/spark/partials/exception.ftl"
01/12/2022 10:31:36 freemarker.cache Couldn't find template in cache for "spark/partials/category.ftl"("en_IN", UTF-8, parsed); will try to load it.
01/12/2022 10:31:36 freemarker.cache TemplateLoader.findTemplateSource("spark/partials/category_en_IN.ftl"): Not found
01/12/2022 10:31:36 freemarker.cache TemplateLoader.findTemplateSource("spark/partials/category_en.ftl"): Not found
01/12/2022 10:31:36 freemarker.cache TemplateLoader.findTemplateSource("spark/partials/category.ftl"): Found
01/12/2022 10:31:36 freemarker.cache Loading template for "spark/partials/category.ftl"("en_IN", UTF-8, parsed) from "jar:file:/C:/Users/Admin/.m2/repository/com/aventstack/extentreports/5.0.9/extentreports-5.0.9.jar!/com/aventstack/extentreports/templates/spark/partials/category.ftl"
01/12/2022 10:31:36 freemarker.cache Couldn't find template in cache for "spark/partials/device.ftl"("en_IN", UTF-8, parsed); will try to load it.
01/12/2022 10:31:36 freemarker.cache TemplateLoader.findTemplateSource("spark/partials/device_en_IN.ftl"): Not found
01/12/2022 10:31:36 freemarker.cache TemplateLoader.findTemplateSource("spark/partials/device_en.ftl"): Not found
01/12/2022 10:31:36 freemarker.cache TemplateLoader.findTemplateSource("spark/partials/device.ftl"): Found
01/12/2022 10:31:36 freemarker.cache Loading template for "spark/partials/device.ftl"("en_IN", UTF-8, parsed) from "jar:file:/C:/Users/Admin/.m2/repository/com/aventstack/extentreports/5.0.9/extentreports-5.0.9.jar!/com/aventstack/extentreports/templates/spark/partials/device.ftl"
01/12/2022 10:31:36 freemarker.cache Couldn't find template in cache for "spark/partials/author.ftl"("en_IN", UTF-8, parsed); will try to load it.
01/12/2022 10:31:36 freemarker.cache TemplateLoader.findTemplateSource("spark/partials/author_en_IN.ftl"): Not found
01/12/2022 10:31:36 freemarker.cache TemplateLoader.findTemplateSource("spark/partials/author_en.ftl"): Not found
01/12/2022 10:31:36 freemarker.cache TemplateLoader.findTemplateSource("spark/partials/author.ftl"): Found
01/12/2022 10:31:36 freemarker.cache Loading template for "spark/partials/author.ftl"("en_IN", UTF-8, parsed) from "jar:file:/C:/Users/Admin/.m2/repository/com/aventstack/extentreports/5.0.9/extentreports-5.0.9.jar!/com/aventstack/extentreports/templates/spark/partials/author.ftl"
01/12/2022 10:31:36 freemarker.cache Couldn't find template in cache for "spark/partials/log.ftl"("en_IN", UTF-8, parsed); will try to load it.
01/12/2022 10:31:36 freemarker.cache TemplateLoader.findTemplateSource("spark/partials/log_en_IN.ftl"): Not found
01/12/2022 10:31:36 freemarker.cache TemplateLoader.findTemplateSource("spark/partials/log_en.ftl"): Not found
01/12/2022 10:31:36 freemarker.cache TemplateLoader.findTemplateSource("spark/partials/log.ftl"): Found
01/12/2022 10:31:36 freemarker.cache Loading template for "spark/partials/log.ftl"("en_IN", UTF-8, parsed) from "jar:file:/C:/Users/Admin/.m2/repository/com/aventstack/extentreports/5.0.9/extentreports-5.0.9.jar!/com/aventstack/extentreports/templates/spark/partials/log.ftl"
01/12/2022 10:31:36 freemarker.cache Couldn't find template in cache for "spark/partials/dashboard.ftl"("en_IN", UTF-8, parsed); will try to load it.
01/12/2022 10:31:36 freemarker.cache TemplateLoader.findTemplateSource("spark/partials/dashboard_en_IN.ftl"): Not found
01/12/2022 10:31:36 freemarker.cache TemplateLoader.findTemplateSource("spark/partials/dashboard_en.ftl"): Not found
01/12/2022 10:31:36 freemarker.cache TemplateLoader.findTemplateSource("spark/partials/dashboard.ftl"): Found
01/12/2022 10:31:36 freemarker.cache Loading template for "spark/partials/dashboard.ftl"("en_IN", UTF-8, parsed) from "jar:file:/C:/Users/Admin/.m2/repository/com/aventstack/extentreports/5.0.9/extentreports-5.0.9.jar!/com/aventstack/extentreports/templates/spark/partials/dashboard.ftl"
01/12/2022 10:31:36 freemarker.cache Couldn't find template in cache for "spark/partials/scripts.ftl"("en_IN", UTF-8, parsed); will try to load it.
01/12/2022 10:31:36 freemarker.cache TemplateLoader.findTemplateSource("spark/partials/scripts_en_IN.ftl"): Not found
01/12/2022 10:31:36 freemarker.cache TemplateLoader.findTemplateSource("spark/partials/scripts_en.ftl"): Not found
01/12/2022 10:31:36 freemarker.cache TemplateLoader.findTemplateSource("spark/partials/scripts.ftl"): Found
01/12/2022 10:31:36 freemarker.cache Loading template for "spark/partials/scripts.ftl"("en_IN", UTF-8, parsed) from "jar:file:/C:/Users/Admin/.m2/repository/com/aventstack/extentreports/5.0.9/extentreports-5.0.9.jar!/com/aventstack/extentreports/templates/spark/partials/scripts.ftl"
01/12/2022 10:31:36 freemarker.cache Couldn't find template in cache for "commons/commons-inject-js.ftl"("en_IN", UTF-8, parsed); will try to load it.
01/12/2022 10:31:36 freemarker.cache TemplateLoader.findTemplateSource("commons/commons-inject-js_en_IN.ftl"): Not found
01/12/2022 10:31:36 freemarker.cache TemplateLoader.findTemplateSource("commons/commons-inject-js_en.ftl"): Not found
01/12/2022 10:31:36 freemarker.cache TemplateLoader.findTemplateSource("commons/commons-inject-js.ftl"): Found
01/12/2022 10:31:36 freemarker.cache Loading template for "commons/commons-inject-js.ftl"("en_IN", UTF-8, parsed) from "jar:file:/C:/Users/Admin/.m2/repository/com/aventstack/extentreports/5.0.9/extentreports-5.0.9.jar!/com/aventstack/extentreports/templates/commons/commons-inject-js.ftl"
